C51 COMPILER V9.60.7.0   I2C                                                               10/03/2024 21:24:42 PAGE 1   


C51 COMPILER V9.60.7.0, COMPILATION OF MODULE I2C
OBJECT MODULE PLACED IN .\Objects\i2c.obj
COMPILER INVOKED BY: D:\KEIL_STM32\C51\BIN\C51.EXE ..\I2C\i2c.c OPTIMIZE(8,SPEED) BROWSE DEBUG OBJECTEXTEND PRINT(.\List
                    -ings\i2c.lst) OBJECT(.\Objects\i2c.obj)

line level    source

   1          #include <REGX52.H>
   2          sbit SDA = P2^0;
   3          sbit SCL = P2^1;
   4          
   5          /**
   6           * @brief I2C开始信号
   7           * @param 无
   8           * @retval 无
   9           */
  10          void i2c_start(void)
  11          {
  12   1          SDA = 1;
  13   1          SCL = 1;
  14   1          SDA = 0;
  15   1          SCL = 0;
  16   1      }
  17          
  18          /**
  19           * @brief I2C结束信号
  20           * @param 无
  21           * @retval 无
  22           */
  23          void i2c_stop(void)
  24          {
  25   1          SDA = 0;
  26   1          SCL = 1;
  27   1          SDA = 1;
  28   1      }
  29          
  30          /**
  31           * @brief I2C发送一个字节
  32           * @param byte 要发送的字节
  33           * @retval 无
  34           */
  35          void i2c_sendByte(unsigned char byte)
  36          {
  37   1          unsigned char i;
  38   1          for (i = 0; i < 8; i++)
  39   1          {
  40   2              SDA = (byte & (0x80 >> i));  // 从高位开始发送
  41   2              SCL = 1;                     // 发送数据时钟
  42   2              SCL = 0;                     // 时钟拉低
  43   2          }
  44   1      }
  45          
  46          /**
  47           * @brief I2C接收一个字节
  48           * @param 无
  49           * @retval 接收到的字节
  50           */
  51          unsigned char i2c_receiveByte(void)
  52          {
  53   1          unsigned char i, byte = 0;
  54   1          SDA = 1; // 释放 SDA 线
C51 COMPILER V9.60.7.0   I2C                                                               10/03/2024 21:24:42 PAGE 2   

  55   1          for (i = 0; i < 8; i++)
  56   1          {
  57   2              SCL = 1;                     // 生成时钟
  58   2              if (SDA)                     // 读取 SDA 的值
  59   2              {
  60   3                  byte |= (0x80 >> i);         // 将位保存到字节中
  61   3                      } 
  62   2                                                 
  63   2              
  64   2              SCL = 0;  // 时钟拉低
  65   2          }
  66   1          return byte;
  67   1      }
  68          
  69          /**
  70           * @brief 发送 I2C 应答信号
  71           * @param ack 应答信号，0 表示应答，1 表示非应答
  72           * @retval 无
  73           */
  74          void i2c_sendAck(unsigned char ack)
  75          {
  76   1          SDA = ack;
  77   1          SCL = 1;
  78   1          SCL = 0;
  79   1      }
  80          
  81          /**
  82           * @brief 接收 I2C 应答信号
  83           * @param 无
  84           * @retval 返回应答信号，0 表示应答，1 表示非应答
  85           */
  86          unsigned char i2c_receiveAck(void)
  87          {
  88   1          unsigned char ack;
  89   1          SDA = 1;  // 释放 SDA 线
  90   1          SCL = 1;  // 生成时钟
  91   1          ack = SDA; // 读取应答信号
  92   1          SCL = 0;  // 时钟拉低
  93   1          return ack;
  94   1      }


MODULE INFORMATION:   STATIC OVERLAYABLE
   CODE SIZE        =    109    ----
   CONSTANT SIZE    =   ----    ----
   XDATA SIZE       =   ----    ----
   PDATA SIZE       =   ----    ----
   DATA SIZE        =   ----    ----
   IDATA SIZE       =   ----    ----
   BIT SIZE         =   ----    ----
END OF MODULE INFORMATION.


C51 COMPILATION COMPLETE.  0 WARNING(S),  0 ERROR(S)
