C51 COMPILER V9.60.7.0   LIVESMG                                                           10/03/2024 20:52:19 PAGE 1   


C51 COMPILER V9.60.7.0, COMPILATION OF MODULE LIVESMG
OBJECT MODULE PLACED IN .\Objects\livesmg.obj
COMPILER INVOKED BY: D:\KEIL_STM32\C51\BIN\C51.EXE livesmg.c OPTIMIZE(8,SPEED) BROWSE DEBUG OBJECTEXTEND PRINT(.\Listing
                    -s\livesmg.lst) OBJECT(.\Objects\livesmg.obj)

line level    source

   1          #include <REGX52.H>
   2          #include "delay.h"
   3          
   4          
   5          unsigned int nums[]={0x3f,0x06,0x5b,0x4f,
   6                                                   0x66,0x6d,0x7d,0x07,
   7                                                   0x7f,0x6f,0x00,0x40};
   8          
   9          unsigned int smg_buf[9]={0,10,10,10,10,10,10,10};
  10          
  11          void smg(unsigned char location, num )          
  12          {
  13   1              smg_buf[location]=num;
  14   1      }       
  15          
  16          
  17          void livesmg(unsigned char location,num)//数码管
  18          {
  19   1              P0=0x00;
  20   1              switch(location)//位选位置
  21   1              {
  22   2                      case 1:P2_4=1;P2_3=1;P2_2=1;break;//Y7,LED8.morelihgt
  23   2                      case 2:P2_4=1;P2_3=1;P2_2=0;break;//Y6
  24   2                      case 3:P2_4=1;P2_3=0;P2_2=1;break;//Y5
  25   2                      case 4:P2_4=1;P2_3=0;P2_2=0;break;//Y4
  26   2                      case 5:P2_4=0;P2_3=1;P2_2=1;break;//Y3
  27   2                      case 6:P2_4=0;P2_3=1;P2_2=0;break;//Y2
  28   2                      case 7:P2_4=0;P2_3=0;P2_2=1;break;//Y1
  29   2                      case 8:P2_4=0;P2_3=0;P2_2=0;break;//Y0
  30   2              }
  31   1              P0=nums[num];
  32   1      
  33   1      }
  34          
  35          void livesmg_lop(void)
  36          {
  37   1              
  38   1              static unsigned char i=1;
  39   1              livesmg(i,smg_buf[i]);
  40   1              i++;
  41   1              if(i>=9){i=1;}
  42   1      }
  43          
  44          
  45          
  46          
  47          
  48          
  49          
  50          
  51          
  52          


C51 COMPILER V9.60.7.0   LIVESMG                                                           10/03/2024 20:52:19 PAGE 2   

MODULE INFORMATION:   STATIC OVERLAYABLE
   CODE SIZE        =    147    ----
   CONSTANT SIZE    =   ----    ----
   XDATA SIZE       =   ----    ----
   PDATA SIZE       =   ----    ----
   DATA SIZE        =     43    ----
   IDATA SIZE       =   ----    ----
   BIT SIZE         =   ----    ----
END OF MODULE INFORMATION.


C51 COMPILATION COMPLETE.  0 WARNING(S),  0 ERROR(S)
