C51 COMPILER V9.60.7.0   MAIN                                                              10/03/2024 21:30:22 PAGE 1   


C51 COMPILER V9.60.7.0, COMPILATION OF MODULE MAIN
OBJECT MODULE PLACED IN .\Objects\main.obj
COMPILER INVOKED BY: D:\KEIL_STM32\C51\BIN\C51.EXE main.c OPTIMIZE(8,SPEED) BROWSE DEBUG OBJECTEXTEND PRINT(.\Listings\m
                    -ain.lst) OBJECT(.\Objects\main.obj)

line level    source

   1          #include <REGX52.H>
   2          #include "timer0.h"
   3          #include "delay.h"
   4          #include "key.h"
   5          #include "livesmg.h"
   6          #include "i2c.h"
   7          #include "AT24C02.h"
   8          
   9          
  10          
  11          unsigned char keynums;
  12          extern unsigned char min,sec,minsec;
  13          unsigned char runflag;
  14          void main()
  15          {
  16   1              Timer0Init();
  17   1              while(1)
  18   1              {
  19   2                      keynums=key();
  20   2                      if(keynums==1)
  21   2                      {
  22   3                              runflag=!runflag;
  23   3                      }
  24   2                      if(keynums==2)
  25   2                      {
  26   3                              min=0;
  27   3                              sec=0;
  28   3                              minsec=0;
  29   3                      }
  30   2                      if(keynums==3)
  31   2                      {
  32   3                              AT24C02_writebyte(0,min);
  33   3                              Delay(5);
  34   3                              AT24C02_writebyte(1,sec);
  35   3                              Delay(5);
  36   3                              AT24C02_writebyte(2,minsec);
  37   3                              Delay(5);
  38   3                      }
  39   2                      if(keynums==4)
  40   2                      {
  41   3                              min=AT24C02_receiveByte(0);
  42   3                              sec=AT24C02_receiveByte(1);
  43   3                              minsec=AT24C02_receiveByte(2);
  44   3                              
  45   3                      }
  46   2                      smg(1,min/10);
  47   2                  smg(2,min%10);
  48   2                      smg(3,11);
  49   2                      smg(4,sec/10);
  50   2                  smg(5,sec%10);
  51   2                      smg(6,11);
  52   2                      smg(7,minsec/10);
  53   2                  smg(8,minsec%10);
  54   2                              
C51 COMPILER V9.60.7.0   MAIN                                                              10/03/2024 21:30:22 PAGE 2   

  55   2              }
  56   1      }
  57          
  58          void sec_loop(void)
  59          {
  60   1              if(runflag)
  61   1              {       
  62   2              minsec++;
  63   2              if(minsec>= 100)
  64   2              {
  65   3                      minsec=0;
  66   3                      sec++;
  67   3                      if(sec>= 60)
  68   3                      {
  69   4                              sec=0;
  70   4                              min++;
  71   4                              if(min>= 60)
  72   4                              {
  73   5                                      min= 0;
  74   5                              }
  75   4                                      
  76   4                      }
  77   3                      
  78   3                      
  79   3              }
  80   2              
  81   2      }
  82   1              
  83   1              
  84   1      }
  85          
  86          
  87          
  88          void Timer0_Routine() interrupt 1
  89          {
  90   1              static unsigned int T0Count,T0Count1,T0Count2;
  91   1              TL0 = 0x18;             //设置定时初值
  92   1              TH0 = 0xFC;             //设置定时初值
  93   1              T0Count++;
  94   1              if(T0Count>=20)
  95   1              {
  96   2                      T0Count=0;
  97   2                      key_lop();
  98   2                      
  99   2              }
 100   1              
 101   1              T0Count1++;
 102   1              if(T0Count1>=2)
 103   1              {
 104   2                      T0Count1=0;
 105   2                      livesmg_lop();
 106   2                      
 107   2              }
 108   1              
 109   1              T0Count2++;
 110   1              if(T0Count2>=10)
 111   1              {
 112   2                      T0Count2=0;
 113   2                      sec_loop();
 114   2                      
 115   2              }
 116   1      }
C51 COMPILER V9.60.7.0   MAIN                                                              10/03/2024 21:30:22 PAGE 3   



MODULE INFORMATION:   STATIC OVERLAYABLE
   CODE SIZE        =    400    ----
   CONSTANT SIZE    =   ----    ----
   XDATA SIZE       =   ----    ----
   PDATA SIZE       =   ----    ----
   DATA SIZE        =      8    ----
   IDATA SIZE       =   ----    ----
   BIT SIZE         =   ----    ----
END OF MODULE INFORMATION.


C51 COMPILATION COMPLETE.  0 WARNING(S),  0 ERROR(S)
