C51 COMPILER V9.60.7.0   XPT2026                                                           10/20/2024 18:25:53 PAGE 1   


C51 COMPILER V9.60.7.0, COMPILATION OF MODULE XPT2026
OBJECT MODULE PLACED IN .\Objects\XPT2026.obj
COMPILER INVOKED BY: D:\KEIL_STM32\C51\BIN\C51.EXE XPT2026.c OPTIMIZE(8,SPEED) BROWSE DEBUG OBJECTEXTEND PRINT(.\Listing
                    -s\XPT2026.lst) OBJECT(.\Objects\XPT2026.obj)

line level    source

   1          #include <REGX52.H>
   2          
   3          sbit XPT2026_CS=P3^5;
   4          sbit XPT2026_DCLK=P3^6;
   5          sbit XPT2026_DIN=P3^4;
   6          sbit XPT2026_DOUT=P3^7;
   7          
   8          
   9          unsigned int XPT2026_readAD(unsigned char command)
  10          {
  11   1              
  12   1              unsigned char i;
  13   1              unsigned int ADvalue=0;
  14   1              XPT2026_DCLK=0;
  15   1              XPT2026_CS=0;
  16   1              for(i=0;i<8;i++)
  17   1              {
  18   2                      XPT2026_DIN=command&(0x80>>i);
  19   2                      XPT2026_DCLK=1;
  20   2                      XPT2026_DCLK=0;
  21   2              }
  22   1              for(i=0;i<16;i++)
  23   1              {
  24   2                      XPT2026_DCLK=1;
  25   2                      XPT2026_DCLK=0;
  26   2                      if(XPT2026_DOUT){ADvalue|=(0x8000>>i);}
  27   2              }
  28   1              XPT2026_CS=1;
  29   1              if(command&0x08)
  30   1              {
  31   2                      return ADvalue>>8;//8λ
  32   2              }
  33   1              else
  34   1              {
  35   2                      return ADvalue>>4;//12λ
  36   2              }
  37   1              
  38   1      }       


MODULE INFORMATION:   STATIC OVERLAYABLE
   CODE SIZE        =    110    ----
   CONSTANT SIZE    =   ----    ----
   XDATA SIZE       =   ----    ----
   PDATA SIZE       =   ----    ----
   DATA SIZE        =   ----       2
   IDATA SIZE       =   ----    ----
   BIT SIZE         =   ----    ----
END OF MODULE INFORMATION.


C51 COMPILATION COMPLETE.  0 WARNING(S),  0 ERROR(S)
