C51 COMPILER V9.60.7.0   MAIN                                                              10/17/2024 09:20:29 PAGE 1   


C51 COMPILER V9.60.7.0, COMPILATION OF MODULE MAIN
OBJECT MODULE PLACED IN .\Objects\main.obj
COMPILER INVOKED BY: D:\KEIL_STM32\C51\BIN\C51.EXE main.c OPTIMIZE(8,SPEED) BROWSE DEBUG OBJECTEXTEND PRINT(.\Listings\m
                    -ain.lst) OBJECT(.\Objects\main.obj)

line level    source

   1          #include <REGX52.H>
   2          #include "TIMER0.h"
   3          #include "KEY.h"
   4          #include "NIXIE.h"
   5          
   6          
   7          sbit motor=P1^0;
   8          
   9          
  10          unsigned char counter ,compare;
  11          unsigned char keynum,speed;
  12          void main()
  13          {
  14   1      
  15   1              Timer0Init();
  16   1              compare=5;
  17   1              while(1)
  18   1              {
  19   2                      keynum=Key();
  20   2                      if(keynum==1)
  21   2                      {       
  22   3                              speed++;
  23   3                              speed%=4;
  24   3                              if(speed==0){compare=0;}
  25   3                              if(speed==1){compare=30;}
  26   3                              if(speed==2){compare=60;}
  27   3                              if(speed==3){compare=100;}
  28   3                      }
  29   2                      Nixie(1,speed);
  30   2                      
  31   2              }
  32   1              
  33   1      }
  34                  
  35          
  36          void Timer0_Routine() interrupt 1
  37          {
  38   1              
  39   1              TL0 = 0x9C;                             //设置定时初始值
  40   1              TH0 = 0xFF;                             //设置定时初始值
  41   1              counter++;
  42   1              counter%=100;                   //0-100的计数器
  43   1              if(counter<compare)     //计数器<比较值
  44   1              {
  45   2                      motor=1;
  46   2              }       
  47   1              else
  48   1              {
  49   2                      motor=0;
  50   2              }
  51   1                      
  52   1      }


C51 COMPILER V9.60.7.0   MAIN                                                              10/17/2024 09:20:29 PAGE 2   

MODULE INFORMATION:   STATIC OVERLAYABLE
   CODE SIZE        =    107    ----
   CONSTANT SIZE    =   ----    ----
   XDATA SIZE       =   ----    ----
   PDATA SIZE       =   ----    ----
   DATA SIZE        =      4    ----
   IDATA SIZE       =   ----    ----
   BIT SIZE         =   ----    ----
END OF MODULE INFORMATION.


C51 COMPILATION COMPLETE.  0 WARNING(S),  0 ERROR(S)
