C51 COMPILER V9.60.7.0   MAIN                                                              10/20/2024 18:45:31 PAGE 1   


C51 COMPILER V9.60.7.0, COMPILATION OF MODULE MAIN
OBJECT MODULE PLACED IN .\Objects\main.obj
COMPILER INVOKED BY: D:\KEIL_STM32\C51\BIN\C51.EXE main.c OPTIMIZE(8,SPEED) BROWSE DEBUG OBJECTEXTEND PRINT(.\Listings\m
                    -ain.lst) OBJECT(.\Objects\main.obj)

line level    source

   1          #include <REGX52.H>
   2          #include "TIMER0.h"
   3          #include "delay.h"
   4          
   5          
   6          sbit DA=P2^1;
   7          
   8          
   9          unsigned char counter ,compare,i;
  10          
  11          void main()
  12          {
  13   1      
  14   1              Timer0Init();
  15   1              compare=5;
  16   1              while(1)
  17   1              {
  18   2      
  19   2                      for(i=0;i<100;i++)
  20   2                      {
  21   3                              compare=i;
  22   3                              Delay(10);
  23   3                      }
  24   2                      
  25   2                      for(i=100;i>0;i--)
  26   2                      {
  27   3                              compare=i;
  28   3                              Delay(10);
  29   3                      }
  30   2              }
  31   1              
  32   1      }
  33                  
  34          
  35          void Timer0_Routine() interrupt 1
  36          {
  37   1              
  38   1              TL0 = 0x9C;                             //设置定时初始值
  39   1              TH0 = 0xFF;                             //设置定时初始值
  40   1              counter++;
  41   1              counter%=100;                   //0-100的计数器
  42   1              if(counter<compare)     //计数器<比较值
  43   1              {
  44   2                      DA=1;
  45   2              }       
  46   1              else
  47   1              {
  48   2                      DA=0;
  49   2              }
  50   1                      
  51   1      }


MODULE INFORMATION:   STATIC OVERLAYABLE
C51 COMPILER V9.60.7.0   MAIN                                                              10/20/2024 18:45:31 PAGE 2   

   CODE SIZE        =     95    ----
   CONSTANT SIZE    =   ----    ----
   XDATA SIZE       =   ----    ----
   PDATA SIZE       =   ----    ----
   DATA SIZE        =      3    ----
   IDATA SIZE       =   ----    ----
   BIT SIZE         =   ----    ----
END OF MODULE INFORMATION.


C51 COMPILATION COMPLETE.  0 WARNING(S),  0 ERROR(S)
